{"/Users/762883/Documents/Projects/Cognizant/react-base/src/app/main.tsx": {"path":"/Users/762883/Documents/Projects/Cognizant/react-base/src/app/main.tsx","statementMap":{"0":{"start":{"line":8,"column":14},"end":{"line":8,"column":30}},"1":{"start":{"line":10,"column":27},"end":{"line":15,"column":1}},"2":{"start":{"line":12,"column":2},"end":{"line":14,"column":13}},"3":{"start":{"line":17,"column":0},"end":{"line":17,"column":54}}},"fnMap":{"0":{"name":"(anonymous_0)","decl":{"start":{"line":10,"column":27},"end":{"line":10,"column":28}},"loc":{"start":{"line":12,"column":2},"end":{"line":14,"column":13}},"line":12}},"branchMap":{},"s":{"0":0,"1":0,"2":0,"3":0},"f":{"0":0},"b":{},"hash":"7b5fc57185f6fbfbcde157ffeca36d70928b3540"}
,"/Users/762883/Documents/Projects/Cognizant/react-base/src/app/components/Loading/index.tsx": {"path":"/Users/762883/Documents/Projects/Cognizant/react-base/src/app/components/Loading/index.tsx","statementMap":{"0":{"start":{"line":8,"column":33},"end":{"line":8,"column":100}},"1":{"start":{"line":8,"column":69},"end":{"line":8,"column":100}}},"fnMap":{"0":{"name":"(anonymous_0)","decl":{"start":{"line":8,"column":33},"end":{"line":8,"column":34}},"loc":{"start":{"line":8,"column":69},"end":{"line":8,"column":100}},"line":8}},"branchMap":{"0":{"loc":{"start":{"line":8,"column":36},"end":{"line":8,"column":55}},"type":"default-arg","locations":[{"start":{"line":8,"column":43},"end":{"line":8,"column":55}}],"line":8}},"s":{"0":1,"1":2},"f":{"0":2},"b":{"0":[1]},"_coverageSchema":"43e27e138ebf9cfc5966b082cf9a028302ed4184","hash":"0e715b6ec82568a38ab9b092ba72168e6c311092"}
,"/Users/762883/Documents/Projects/Cognizant/react-base/src/app/components/Loading/styles/index.ts": {"path":"/Users/762883/Documents/Projects/Cognizant/react-base/src/app/components/Loading/styles/index.ts","statementMap":{"0":{"start":{"line":3,"column":25},"end":{"line":5,"column":1}}},"fnMap":{},"branchMap":{},"s":{"0":1},"f":{},"b":{},"_coverageSchema":"43e27e138ebf9cfc5966b082cf9a028302ed4184","hash":"ae09d3f4e73ed74ccc24836571198dd40dc31dc8"}
,"/Users/762883/Documents/Projects/Cognizant/react-base/src/app/components/Portal/index.tsx": {"path":"/Users/762883/Documents/Projects/Cognizant/react-base/src/app/components/Portal/index.tsx","statementMap":{"0":{"start":{"line":9,"column":32},"end":{"line":28,"column":1}},"1":{"start":{"line":10,"column":21},"end":{"line":10,"column":64}},"2":{"start":{"line":11,"column":22},"end":{"line":11,"column":65}},"3":{"start":{"line":13,"column":2},"end":{"line":21,"column":9}},"4":{"start":{"line":14,"column":4},"end":{"line":16,"column":5}},"5":{"start":{"line":15,"column":6},"end":{"line":15,"column":50}},"6":{"start":{"line":18,"column":4},"end":{"line":20,"column":6}},"7":{"start":{"line":19,"column":6},"end":{"line":19,"column":35}},"8":{"start":{"line":23,"column":2},"end":{"line":25,"column":3}},"9":{"start":{"line":24,"column":4},"end":{"line":24,"column":16}},"10":{"start":{"line":27,"column":2},"end":{"line":27,"column":53}}},"fnMap":{"0":{"name":"(anonymous_0)","decl":{"start":{"line":9,"column":32},"end":{"line":9,"column":33}},"loc":{"start":{"line":9,"column":75},"end":{"line":28,"column":1}},"line":9},"1":{"name":"(anonymous_1)","decl":{"start":{"line":13,"column":18},"end":{"line":13,"column":19}},"loc":{"start":{"line":13,"column":24},"end":{"line":21,"column":3}},"line":13},"2":{"name":"(anonymous_2)","decl":{"start":{"line":18,"column":11},"end":{"line":18,"column":12}},"loc":{"start":{"line":18,"column":17},"end":{"line":20,"column":5}},"line":18}},"branchMap":{"0":{"loc":{"start":{"line":9,"column":45},"end":{"line":9,"column":61}},"type":"default-arg","locations":[{"start":{"line":9,"column":54},"end":{"line":9,"column":61}}],"line":9},"1":{"loc":{"start":{"line":14,"column":4},"end":{"line":16,"column":5}},"type":"if","locations":[{"start":{"line":14,"column":4},"end":{"line":16,"column":5}},{"start":{"line":14,"column":4},"end":{"line":16,"column":5}}],"line":14},"2":{"loc":{"start":{"line":23,"column":2},"end":{"line":25,"column":3}},"type":"if","locations":[{"start":{"line":23,"column":2},"end":{"line":25,"column":3}},{"start":{"line":23,"column":2},"end":{"line":25,"column":3}}],"line":23}},"s":{"0":1,"1":2,"2":2,"3":2,"4":0,"5":0,"6":0,"7":0,"8":2,"9":1,"10":1},"f":{"0":2,"1":0,"2":0},"b":{"0":[2],"1":[0,0],"2":[1,1]},"_coverageSchema":"43e27e138ebf9cfc5966b082cf9a028302ed4184","hash":"b5219112c1a83e7ae5d1975001c8dbf459b215ff"}
,"/Users/762883/Documents/Projects/Cognizant/react-base/src/app/containers/App/index.tsx": {"path":"/Users/762883/Documents/Projects/Cognizant/react-base/src/app/containers/App/index.tsx","statementMap":{"0":{"start":{"line":8,"column":22},"end":{"line":17,"column":1}},"1":{"start":{"line":9,"column":2},"end":{"line":16,"column":5}}},"fnMap":{"0":{"name":"(anonymous_0)","decl":{"start":{"line":8,"column":22},"end":{"line":8,"column":23}},"loc":{"start":{"line":9,"column":2},"end":{"line":16,"column":5}},"line":9}},"branchMap":{},"s":{"0":0,"1":0},"f":{"0":0},"b":{},"hash":"f075f27a8123b0b716766c8be668d235edcd8b97"}
,"/Users/762883/Documents/Projects/Cognizant/react-base/src/app/containers/App/actionTypes/index.ts": {"path":"/Users/762883/Documents/Projects/Cognizant/react-base/src/app/containers/App/actionTypes/index.ts","statementMap":{},"fnMap":{},"branchMap":{},"s":{},"f":{},"b":{},"_coverageSchema":"43e27e138ebf9cfc5966b082cf9a028302ed4184","hash":"e75ee8f58eca5c58073c644944e53e7f7a30c06d"}
,"/Users/762883/Documents/Projects/Cognizant/react-base/src/app/containers/App/actions/index.ts": {"path":"/Users/762883/Documents/Projects/Cognizant/react-base/src/app/containers/App/actions/index.ts","statementMap":{"0":{"start":{"line":3,"column":27},"end":{"line":6,"column":2}},"1":{"start":{"line":3,"column":61},"end":{"line":6,"column":1}}},"fnMap":{"0":{"name":"(anonymous_0)","decl":{"start":{"line":3,"column":27},"end":{"line":3,"column":28}},"loc":{"start":{"line":3,"column":61},"end":{"line":6,"column":1}},"line":3}},"branchMap":{},"s":{"0":0,"1":0},"f":{"0":0},"b":{},"hash":"cd03e8aaac94e15123baf05cc4833c5691491f4a"}
,"/Users/762883/Documents/Projects/Cognizant/react-base/src/app/containers/App/api/index.ts": {"path":"/Users/762883/Documents/Projects/Cognizant/react-base/src/app/containers/App/api/index.ts","statementMap":{},"fnMap":{},"branchMap":{},"s":{},"f":{},"b":{},"hash":"eaf81cb0022f8b482b3e1491cced7b33763d4960"}
,"/Users/762883/Documents/Projects/Cognizant/react-base/src/app/containers/App/components/Header/index.tsx": {"path":"/Users/762883/Documents/Projects/Cognizant/react-base/src/app/containers/App/components/Header/index.tsx","statementMap":{"0":{"start":{"line":5,"column":25},"end":{"line":10,"column":1}},"1":{"start":{"line":6,"column":2},"end":{"line":9,"column":12}}},"fnMap":{"0":{"name":"(anonymous_0)","decl":{"start":{"line":5,"column":25},"end":{"line":5,"column":26}},"loc":{"start":{"line":6,"column":2},"end":{"line":9,"column":12}},"line":6}},"branchMap":{},"s":{"0":1,"1":1},"f":{"0":1},"b":{},"_coverageSchema":"43e27e138ebf9cfc5966b082cf9a028302ed4184","hash":"274d01d7a5059def02565f0aa6a30543cabbbc78"}
,"/Users/762883/Documents/Projects/Cognizant/react-base/src/app/containers/App/components/Header/styles/index.ts": {"path":"/Users/762883/Documents/Projects/Cognizant/react-base/src/app/containers/App/components/Header/styles/index.ts","statementMap":{"0":{"start":{"line":8,"column":23},"end":{"line":8,"column":38}},"1":{"start":{"line":9,"column":0},"end":{"line":9,"column":32}},"2":{"start":{"line":11,"column":21},"end":{"line":19,"column":1}},"3":{"start":{"line":21,"column":25},"end":{"line":30,"column":1}},"4":{"start":{"line":31,"column":0},"end":{"line":31,"column":36}},"5":{"start":{"line":33,"column":28},"end":{"line":35,"column":1}},"6":{"start":{"line":36,"column":0},"end":{"line":36,"column":42}}},"fnMap":{},"branchMap":{},"s":{"0":1,"1":1,"2":1,"3":1,"4":1,"5":1,"6":1},"f":{},"b":{},"_coverageSchema":"43e27e138ebf9cfc5966b082cf9a028302ed4184","hash":"68356ae29dbe1ab2f721f438f33834a0cac2e135"}
,"/Users/762883/Documents/Projects/Cognizant/react-base/src/app/containers/App/components/Sidebar/index.tsx": {"path":"/Users/762883/Documents/Projects/Cognizant/react-base/src/app/containers/App/components/Sidebar/index.tsx","statementMap":{"0":{"start":{"line":3,"column":26},"end":{"line":3,"column":39}},"1":{"start":{"line":3,"column":32},"end":{"line":3,"column":39}}},"fnMap":{"0":{"name":"(anonymous_0)","decl":{"start":{"line":3,"column":26},"end":{"line":3,"column":27}},"loc":{"start":{"line":3,"column":32},"end":{"line":3,"column":39}},"line":3}},"branchMap":{},"s":{"0":1,"1":1},"f":{"0":1},"b":{},"_coverageSchema":"43e27e138ebf9cfc5966b082cf9a028302ed4184","hash":"7d85498903195a2ccc968a8f3493c09421449411"}
,"/Users/762883/Documents/Projects/Cognizant/react-base/src/app/containers/App/models/index.ts": {"path":"/Users/762883/Documents/Projects/Cognizant/react-base/src/app/containers/App/models/index.ts","statementMap":{"0":{"start":{"line":5,"column":41},"end":{"line":7,"column":1}}},"fnMap":{},"branchMap":{},"s":{"0":3},"f":{},"b":{},"_coverageSchema":"43e27e138ebf9cfc5966b082cf9a028302ed4184","hash":"92465fcf3f08bd4e2b86d572833031eaba62b6c5"}
,"/Users/762883/Documents/Projects/Cognizant/react-base/src/app/containers/App/reducers/index.ts": {"path":"/Users/762883/Documents/Projects/Cognizant/react-base/src/app/containers/App/reducers/index.ts","statementMap":{"0":{"start":{"line":6,"column":20},"end":{"line":11,"column":4}},"1":{"start":{"line":7,"column":2},"end":{"line":11,"column":4}},"2":{"start":{"line":9,"column":37},"end":{"line":9,"column":51}},"3":{"start":{"line":10,"column":4},"end":{"line":10,"column":32}},"4":{"start":{"line":13,"column":23},"end":{"line":15,"column":1}}},"fnMap":{"0":{"name":"(anonymous_0)","decl":{"start":{"line":6,"column":20},"end":{"line":6,"column":21}},"loc":{"start":{"line":7,"column":2},"end":{"line":11,"column":4}},"line":7},"1":{"name":"(anonymous_1)","decl":{"start":{"line":7,"column":17},"end":{"line":7,"column":18}},"loc":{"start":{"line":7,"column":26},"end":{"line":11,"column":3}},"line":7}},"branchMap":{},"s":{"0":3,"1":1,"2":1,"3":1,"4":3},"f":{"0":1,"1":1},"b":{},"_coverageSchema":"43e27e138ebf9cfc5966b082cf9a028302ed4184","hash":"a256555ec4f0ca9b27c6dda8a4d60f6e509cafad"}
,"/Users/762883/Documents/Projects/Cognizant/react-base/src/app/containers/App/selectors/index.ts": {"path":"/Users/762883/Documents/Projects/Cognizant/react-base/src/app/containers/App/selectors/index.ts","statementMap":{"0":{"start":{"line":3,"column":30},"end":{"line":3,"column":62}},"1":{"start":{"line":3,"column":54},"end":{"line":3,"column":62}}},"fnMap":{"0":{"name":"(anonymous_0)","decl":{"start":{"line":3,"column":30},"end":{"line":3,"column":31}},"loc":{"start":{"line":3,"column":54},"end":{"line":3,"column":62}},"line":3}},"branchMap":{},"s":{"0":1,"1":1},"f":{"0":1},"b":{},"_coverageSchema":"43e27e138ebf9cfc5966b082cf9a028302ed4184","hash":"d8872c4ed5c6d79dbc7c3dcb6930bedb8d816e2b"}
,"/Users/762883/Documents/Projects/Cognizant/react-base/src/app/containers/App/styles/index.ts": {"path":"/Users/762883/Documents/Projects/Cognizant/react-base/src/app/containers/App/styles/index.ts","statementMap":{"0":{"start":{"line":8,"column":22},"end":{"line":30,"column":1}},"1":{"start":{"line":32,"column":26},"end":{"line":41,"column":1}}},"fnMap":{},"branchMap":{},"s":{"0":0,"1":0},"f":{},"b":{},"hash":"121fc37e1dec293232821f6240f54512dcd4268a"}
,"/Users/762883/Documents/Projects/Cognizant/react-base/src/app/containers/Login/index.tsx": {"path":"/Users/762883/Documents/Projects/Cognizant/react-base/src/app/containers/Login/index.tsx","statementMap":{"0":{"start":{"line":9,"column":33},"end":{"line":33,"column":1}},"1":{"start":{"line":10,"column":2},"end":{"line":10,"column":20}},"2":{"start":{"line":12,"column":23},"end":{"line":12,"column":48}},"3":{"start":{"line":13,"column":20},"end":{"line":13,"column":48}},"4":{"start":{"line":15,"column":2},"end":{"line":32,"column":4}}},"fnMap":{"0":{"name":"(anonymous_0)","decl":{"start":{"line":9,"column":33},"end":{"line":9,"column":34}},"loc":{"start":{"line":9,"column":39},"end":{"line":33,"column":1}},"line":9}},"branchMap":{"0":{"loc":{"start":{"line":17,"column":8},"end":{"line":17,"column":32}},"type":"binary-expr","locations":[{"start":{"line":17,"column":8},"end":{"line":17,"column":17}},{"start":{"line":17,"column":21},"end":{"line":17,"column":32}}],"line":17}},"s":{"0":0,"1":0,"2":0,"3":0,"4":0},"f":{"0":0},"b":{"0":[0,0]},"hash":"77ba0813e275dbf1e5e491bb3777d375a0bc6c04"}
,"/Users/762883/Documents/Projects/Cognizant/react-base/src/app/containers/Login/actionTypes/index.ts": {"path":"/Users/762883/Documents/Projects/Cognizant/react-base/src/app/containers/Login/actionTypes/index.ts","statementMap":{},"fnMap":{},"branchMap":{},"s":{},"f":{},"b":{},"_coverageSchema":"43e27e138ebf9cfc5966b082cf9a028302ed4184","hash":"e8e911e7184b859e4a10b48a9c86cbbbb824d1bb"}
,"/Users/762883/Documents/Projects/Cognizant/react-base/src/app/containers/Login/actions/index.ts": {"path":"/Users/762883/Documents/Projects/Cognizant/react-base/src/app/containers/Login/actions/index.ts","statementMap":{"0":{"start":{"line":4,"column":28},"end":{"line":7,"column":2}},"1":{"start":{"line":4,"column":52},"end":{"line":7,"column":1}},"2":{"start":{"line":9,"column":29},"end":{"line":11,"column":2}},"3":{"start":{"line":9,"column":53},"end":{"line":11,"column":1}}},"fnMap":{"0":{"name":"(anonymous_0)","decl":{"start":{"line":4,"column":28},"end":{"line":4,"column":29}},"loc":{"start":{"line":4,"column":52},"end":{"line":7,"column":1}},"line":4},"1":{"name":"(anonymous_1)","decl":{"start":{"line":9,"column":29},"end":{"line":9,"column":30}},"loc":{"start":{"line":9,"column":53},"end":{"line":11,"column":1}},"line":9}},"branchMap":{},"s":{"0":0,"1":0,"2":0,"3":0},"f":{"0":0,"1":0},"b":{},"hash":"ce0b0ee7337a76ad8a5e3a831e08df94c3480f64"}
,"/Users/762883/Documents/Projects/Cognizant/react-base/src/app/containers/Login/api/index.ts": {"path":"/Users/762883/Documents/Projects/Cognizant/react-base/src/app/containers/Login/api/index.ts","statementMap":{"0":{"start":{"line":5,"column":28},"end":{"line":13,"column":1}},"1":{"start":{"line":6,"column":2},"end":{"line":12,"column":3}},"2":{"start":{"line":7,"column":21},"end":{"line":7,"column":58}},"3":{"start":{"line":8,"column":4},"end":{"line":8,"column":38}},"4":{"start":{"line":10,"column":4},"end":{"line":10,"column":25}},"5":{"start":{"line":11,"column":4},"end":{"line":11,"column":27}}},"fnMap":{"0":{"name":"(anonymous_0)","decl":{"start":{"line":5,"column":28},"end":{"line":5,"column":29}},"loc":{"start":{"line":5,"column":73},"end":{"line":13,"column":1}},"line":5}},"branchMap":{},"s":{"0":0,"1":0,"2":0,"3":0,"4":0,"5":0},"f":{"0":0},"b":{},"hash":"e007ab89ee994a1dd3666704734ec7329b1e8fa2"}
,"/Users/762883/Documents/Projects/Cognizant/react-base/src/app/containers/Login/hooks/index.ts": {"path":"/Users/762883/Documents/Projects/Cognizant/react-base/src/app/containers/Login/hooks/index.ts","statementMap":{},"fnMap":{},"branchMap":{},"s":{},"f":{},"b":{},"hash":"0d65335f7d498866f844716bcdc501bdd7a80db4"}
,"/Users/762883/Documents/Projects/Cognizant/react-base/src/app/containers/Login/hooks/useLoginRequest.ts": {"path":"/Users/762883/Documents/Projects/Cognizant/react-base/src/app/containers/Login/hooks/useLoginRequest.ts","statementMap":{"0":{"start":{"line":5,"column":31},"end":{"line":10,"column":1}},"1":{"start":{"line":6,"column":19},"end":{"line":6,"column":32}},"2":{"start":{"line":7,"column":2},"end":{"line":9,"column":9}},"3":{"start":{"line":8,"column":4},"end":{"line":8,"column":37}}},"fnMap":{"0":{"name":"(anonymous_0)","decl":{"start":{"line":5,"column":31},"end":{"line":5,"column":32}},"loc":{"start":{"line":5,"column":43},"end":{"line":10,"column":1}},"line":5},"1":{"name":"(anonymous_1)","decl":{"start":{"line":7,"column":12},"end":{"line":7,"column":13}},"loc":{"start":{"line":7,"column":24},"end":{"line":9,"column":3}},"line":7}},"branchMap":{},"s":{"0":0,"1":0,"2":0,"3":0},"f":{"0":0,"1":0},"b":{},"hash":"23cdb738d820bacbc900fb89400c849cbc19a1d3"}
,"/Users/762883/Documents/Projects/Cognizant/react-base/src/app/containers/Login/models/index.ts": {"path":"/Users/762883/Documents/Projects/Cognizant/react-base/src/app/containers/Login/models/index.ts","statementMap":{"0":{"start":{"line":3,"column":45},"end":{"line":7,"column":1}},"1":{"start":{"line":9,"column":36},"end":{"line":20,"column":1}},"2":{"start":{"line":10,"column":2},"end":{"line":14,"column":3}},"3":{"start":{"line":11,"column":4},"end":{"line":11,"column":102}},"4":{"start":{"line":13,"column":4},"end":{"line":13,"column":21}},"5":{"start":{"line":16,"column":2},"end":{"line":19,"column":4}}},"fnMap":{"0":{"name":"(anonymous_0)","decl":{"start":{"line":9,"column":36},"end":{"line":9,"column":37}},"loc":{"start":{"line":9,"column":94},"end":{"line":20,"column":1}},"line":9}},"branchMap":{"0":{"loc":{"start":{"line":10,"column":2},"end":{"line":14,"column":3}},"type":"if","locations":[{"start":{"line":10,"column":2},"end":{"line":14,"column":3}},{"start":{"line":10,"column":2},"end":{"line":14,"column":3}}],"line":10},"1":{"loc":{"start":{"line":10,"column":6},"end":{"line":10,"column":62}},"type":"binary-expr","locations":[{"start":{"line":10,"column":6},"end":{"line":10,"column":31}},{"start":{"line":10,"column":35},"end":{"line":10,"column":62}}],"line":10}},"s":{"0":4,"1":4,"2":2,"3":1,"4":1,"5":1},"f":{"0":2},"b":{"0":[1,1],"1":[2,1]},"_coverageSchema":"43e27e138ebf9cfc5966b082cf9a028302ed4184","hash":"6012a0b6dc2eb57fce2c003db79aa0e340c19ff2"}
,"/Users/762883/Documents/Projects/Cognizant/react-base/src/app/containers/Login/reducers/index.ts": {"path":"/Users/762883/Documents/Projects/Cognizant/react-base/src/app/containers/Login/reducers/index.ts","statementMap":{"0":{"start":{"line":8,"column":21},"end":{"line":11,"column":4}},"1":{"start":{"line":9,"column":2},"end":{"line":11,"column":4}},"2":{"start":{"line":10,"column":4},"end":{"line":10,"column":28}},"3":{"start":{"line":13,"column":19},"end":{"line":16,"column":4}},"4":{"start":{"line":14,"column":2},"end":{"line":16,"column":4}},"5":{"start":{"line":15,"column":4},"end":{"line":15,"column":29}},"6":{"start":{"line":18,"column":21},"end":{"line":25,"column":4}},"7":{"start":{"line":19,"column":2},"end":{"line":25,"column":4}},"8":{"start":{"line":20,"column":4},"end":{"line":23,"column":7}},"9":{"start":{"line":22,"column":6},"end":{"line":22,"column":39}},"10":{"start":{"line":24,"column":4},"end":{"line":24,"column":29}},"11":{"start":{"line":27,"column":22},"end":{"line":30,"column":4}},"12":{"start":{"line":28,"column":2},"end":{"line":30,"column":4}},"13":{"start":{"line":29,"column":4},"end":{"line":29,"column":28}},"14":{"start":{"line":32,"column":20},"end":{"line":35,"column":4}},"15":{"start":{"line":33,"column":2},"end":{"line":35,"column":4}},"16":{"start":{"line":34,"column":4},"end":{"line":34,"column":29}},"17":{"start":{"line":37,"column":22},"end":{"line":37,"column":54}},"18":{"start":{"line":37,"column":29},"end":{"line":37,"column":53}},"19":{"start":{"line":39,"column":50},"end":{"line":46,"column":1}}},"fnMap":{"0":{"name":"(anonymous_0)","decl":{"start":{"line":8,"column":21},"end":{"line":8,"column":22}},"loc":{"start":{"line":9,"column":2},"end":{"line":11,"column":4}},"line":9},"1":{"name":"(anonymous_1)","decl":{"start":{"line":9,"column":17},"end":{"line":9,"column":18}},"loc":{"start":{"line":9,"column":26},"end":{"line":11,"column":3}},"line":9},"2":{"name":"(anonymous_2)","decl":{"start":{"line":13,"column":19},"end":{"line":13,"column":20}},"loc":{"start":{"line":14,"column":2},"end":{"line":16,"column":4}},"line":14},"3":{"name":"(anonymous_3)","decl":{"start":{"line":14,"column":17},"end":{"line":14,"column":18}},"loc":{"start":{"line":14,"column":26},"end":{"line":16,"column":3}},"line":14},"4":{"name":"(anonymous_4)","decl":{"start":{"line":18,"column":21},"end":{"line":18,"column":22}},"loc":{"start":{"line":19,"column":2},"end":{"line":25,"column":4}},"line":19},"5":{"name":"(anonymous_5)","decl":{"start":{"line":19,"column":17},"end":{"line":19,"column":18}},"loc":{"start":{"line":19,"column":26},"end":{"line":25,"column":3}},"line":19},"6":{"name":"(anonymous_6)","decl":{"start":{"line":20,"column":40},"end":{"line":20,"column":41}},"loc":{"start":{"line":20,"column":47},"end":{"line":23,"column":5}},"line":20},"7":{"name":"(anonymous_7)","decl":{"start":{"line":27,"column":22},"end":{"line":27,"column":23}},"loc":{"start":{"line":28,"column":2},"end":{"line":30,"column":4}},"line":28},"8":{"name":"(anonymous_8)","decl":{"start":{"line":28,"column":17},"end":{"line":28,"column":18}},"loc":{"start":{"line":28,"column":26},"end":{"line":30,"column":3}},"line":28},"9":{"name":"(anonymous_9)","decl":{"start":{"line":32,"column":20},"end":{"line":32,"column":21}},"loc":{"start":{"line":33,"column":2},"end":{"line":35,"column":4}},"line":33},"10":{"name":"(anonymous_10)","decl":{"start":{"line":33,"column":17},"end":{"line":33,"column":18}},"loc":{"start":{"line":33,"column":26},"end":{"line":35,"column":3}},"line":33},"11":{"name":"(anonymous_11)","decl":{"start":{"line":37,"column":22},"end":{"line":37,"column":23}},"loc":{"start":{"line":37,"column":29},"end":{"line":37,"column":53}},"line":37}},"branchMap":{},"s":{"0":3,"1":1,"2":1,"3":3,"4":1,"5":1,"6":3,"7":1,"8":1,"9":2,"10":1,"11":3,"12":1,"13":1,"14":3,"15":1,"16":1,"17":3,"18":1,"19":3},"f":{"0":1,"1":1,"2":1,"3":1,"4":1,"5":1,"6":2,"7":1,"8":1,"9":1,"10":1,"11":1},"b":{},"_coverageSchema":"43e27e138ebf9cfc5966b082cf9a028302ed4184","hash":"1fe2b098744fd0a72b1b8748279507df9a5d1a1e"}
,"/Users/762883/Documents/Projects/Cognizant/react-base/src/app/containers/Login/selectors/index.ts": {"path":"/Users/762883/Documents/Projects/Cognizant/react-base/src/app/containers/Login/selectors/index.ts","statementMap":{"0":{"start":{"line":3,"column":28},"end":{"line":3,"column":83}},"1":{"start":{"line":3,"column":79},"end":{"line":3,"column":83}},"2":{"start":{"line":5,"column":31},"end":{"line":5,"column":73}},"3":{"start":{"line":5,"column":57},"end":{"line":5,"column":73}}},"fnMap":{"0":{"name":"(anonymous_0)","decl":{"start":{"line":3,"column":28},"end":{"line":3,"column":29}},"loc":{"start":{"line":3,"column":79},"end":{"line":3,"column":83}},"line":3},"1":{"name":"(anonymous_1)","decl":{"start":{"line":5,"column":31},"end":{"line":5,"column":32}},"loc":{"start":{"line":5,"column":57},"end":{"line":5,"column":73}},"line":5}},"branchMap":{},"s":{"0":1,"1":1,"2":1,"3":1},"f":{"0":1,"1":1},"b":{},"_coverageSchema":"43e27e138ebf9cfc5966b082cf9a028302ed4184","hash":"321f7e72370fd6b0fd64af2d215bb49996537786"}
,"/Users/762883/Documents/Projects/Cognizant/react-base/src/app/containers/Login/styles/index.ts": {"path":"/Users/762883/Documents/Projects/Cognizant/react-base/src/app/containers/Login/styles/index.ts","statementMap":{"0":{"start":{"line":5,"column":25},"end":{"line":11,"column":1}},"1":{"start":{"line":13,"column":20},"end":{"line":21,"column":1}}},"fnMap":{},"branchMap":{},"s":{"0":0,"1":0},"f":{},"b":{},"hash":"9175f8e219423cf547fd6a8b141b413b66b7427f"}
,"/Users/762883/Documents/Projects/Cognizant/react-base/src/app/containers/Login/types/index.ts": {"path":"/Users/762883/Documents/Projects/Cognizant/react-base/src/app/containers/Login/types/index.ts","statementMap":{},"fnMap":{},"branchMap":{},"s":{},"f":{},"b":{},"hash":"049005a739eed27b54c8ec472860132be4d9d75e"}
,"/Users/762883/Documents/Projects/Cognizant/react-base/src/app/routes/index.tsx": {"path":"/Users/762883/Documents/Projects/Cognizant/react-base/src/app/routes/index.tsx","statementMap":{"0":{"start":{"line":6,"column":14},"end":{"line":6,"column":90}},"1":{"start":{"line":6,"column":63},"end":{"line":6,"column":89}},"2":{"start":{"line":8,"column":32},"end":{"line":16,"column":1}},"3":{"start":{"line":9,"column":2},"end":{"line":15,"column":11}}},"fnMap":{"0":{"name":"(anonymous_0)","decl":{"start":{"line":6,"column":25},"end":{"line":6,"column":26}},"loc":{"start":{"line":6,"column":63},"end":{"line":6,"column":89}},"line":6},"1":{"name":"(anonymous_1)","decl":{"start":{"line":8,"column":32},"end":{"line":8,"column":33}},"loc":{"start":{"line":9,"column":2},"end":{"line":15,"column":11}},"line":9}},"branchMap":{},"s":{"0":0,"1":0,"2":0,"3":0},"f":{"0":0,"1":0},"b":{},"hash":"687ed678f038a32070fcd19f38e6e7795c96c63e"}
,"/Users/762883/Documents/Projects/Cognizant/react-base/src/app/routes/routes.ts": {"path":"/Users/762883/Documents/Projects/Cognizant/react-base/src/app/routes/routes.ts","statementMap":{"0":{"start":{"line":1,"column":20},"end":{"line":1,"column":23}},"1":{"start":{"line":2,"column":25},"end":{"line":2,"column":37}},"2":{"start":{"line":3,"column":23},"end":{"line":3,"column":33}},"3":{"start":{"line":4,"column":29},"end":{"line":4,"column":45}},"4":{"start":{"line":5,"column":23},"end":{"line":5,"column":33}},"5":{"start":{"line":6,"column":28},"end":{"line":6,"column":43}},"6":{"start":{"line":8,"column":21},"end":{"line":8,"column":29}},"7":{"start":{"line":9,"column":27},"end":{"line":9,"column":46}},"8":{"start":{"line":11,"column":21},"end":{"line":11,"column":29}},"9":{"start":{"line":12,"column":27},"end":{"line":12,"column":46}}},"fnMap":{},"branchMap":{},"s":{"0":0,"1":0,"2":0,"3":0,"4":0,"5":0,"6":0,"7":0,"8":0,"9":0},"f":{},"b":{},"hash":"4165eb634a92e214739c82644c4f372c9280d82b"}
,"/Users/762883/Documents/Projects/Cognizant/react-base/src/app/types/index.ts": {"path":"/Users/762883/Documents/Projects/Cognizant/react-base/src/app/types/index.ts","statementMap":{},"fnMap":{},"branchMap":{},"s":{},"f":{},"b":{},"hash":"f6223f7704a1d36c0b4bed9f5de5765da170c6aa"}
,"/Users/762883/Documents/Projects/Cognizant/react-base/src/base/index.ts": {"path":"/Users/762883/Documents/Projects/Cognizant/react-base/src/base/index.ts","statementMap":{},"fnMap":{},"branchMap":{},"s":{},"f":{},"b":{},"_coverageSchema":"43e27e138ebf9cfc5966b082cf9a028302ed4184","hash":"64a3fad29283c79cd356056e2e724809638dc8e5"}
,"/Users/762883/Documents/Projects/Cognizant/react-base/src/base/conf/empty-module.ts": {"path":"/Users/762883/Documents/Projects/Cognizant/react-base/src/base/conf/empty-module.ts","statementMap":{},"fnMap":{},"branchMap":{},"s":{},"f":{},"b":{},"hash":"abde01dcf89bcd4dd4aa75c25f2f6ebbda2d4d66"}
,"/Users/762883/Documents/Projects/Cognizant/react-base/src/base/reducers/index.ts": {"path":"/Users/762883/Documents/Projects/Cognizant/react-base/src/base/reducers/index.ts","statementMap":{"0":{"start":{"line":6,"column":27},"end":{"line":9,"column":2}}},"fnMap":{},"branchMap":{},"s":{"0":2},"f":{},"b":{},"_coverageSchema":"43e27e138ebf9cfc5966b082cf9a028302ed4184","hash":"7aadbcdf171b535fb5f664fdedd4e3c232c01af9"}
,"/Users/762883/Documents/Projects/Cognizant/react-base/src/base/shared/createReducer.ts": {"path":"/Users/762883/Documents/Projects/Cognizant/react-base/src/base/shared/createReducer.ts","statementMap":{"0":{"start":{"line":3,"column":29},"end":{"line":14,"column":1}},"1":{"start":{"line":3,"column":86},"end":{"line":14,"column":1}},"2":{"start":{"line":7,"column":18},"end":{"line":7,"column":44}},"3":{"start":{"line":9,"column":2},"end":{"line":11,"column":3}},"4":{"start":{"line":10,"column":4},"end":{"line":10,"column":17}},"5":{"start":{"line":13,"column":2},"end":{"line":13,"column":32}}},"fnMap":{"0":{"name":"(anonymous_0)","decl":{"start":{"line":3,"column":29},"end":{"line":3,"column":30}},"loc":{"start":{"line":3,"column":86},"end":{"line":14,"column":1}},"line":3},"1":{"name":"(anonymous_1)","decl":{"start":{"line":3,"column":86},"end":{"line":3,"column":87}},"loc":{"start":{"line":6,"column":8},"end":{"line":14,"column":1}},"line":6}},"branchMap":{"0":{"loc":{"start":{"line":4,"column":2},"end":{"line":4,"column":22}},"type":"default-arg","locations":[{"start":{"line":4,"column":10},"end":{"line":4,"column":22}}],"line":4},"1":{"loc":{"start":{"line":9,"column":2},"end":{"line":11,"column":3}},"type":"if","locations":[{"start":{"line":9,"column":2},"end":{"line":11,"column":3}},{"start":{"line":9,"column":2},"end":{"line":11,"column":3}}],"line":9}},"s":{"0":4,"1":6,"2":21,"3":21,"4":14,"5":7},"f":{"0":6,"1":21},"b":{"0":[14],"1":[14,7]},"_coverageSchema":"43e27e138ebf9cfc5966b082cf9a028302ed4184","hash":"dcbc44d455cd7c2efb324c46eb325367bb6fe253"}
,"/Users/762883/Documents/Projects/Cognizant/react-base/src/base/shared/env.ts": {"path":"/Users/762883/Documents/Projects/Cognizant/react-base/src/base/shared/env.ts","statementMap":{"0":{"start":{"line":1,"column":19},"end":{"line":1,"column":56}}},"fnMap":{},"branchMap":{"0":{"loc":{"start":{"line":1,"column":19},"end":{"line":1,"column":56}},"type":"binary-expr","locations":[{"start":{"line":1,"column":19},"end":{"line":1,"column":39}},{"start":{"line":1,"column":43},"end":{"line":1,"column":56}}],"line":1}},"s":{"0":4},"f":{},"b":{"0":[4,0]},"_coverageSchema":"43e27e138ebf9cfc5966b082cf9a028302ed4184","hash":"c478ec1513313a01acd15be07a27dca756b70f42"}
,"/Users/762883/Documents/Projects/Cognizant/react-base/src/base/shared/envConf.ts": {"path":"/Users/762883/Documents/Projects/Cognizant/react-base/src/base/shared/envConf.ts","statementMap":{"0":{"start":{"line":6,"column":13},"end":{"line":6,"column":47}},"1":{"start":{"line":7,"column":23},"end":{"line":7,"column":51}}},"fnMap":{},"branchMap":{"0":{"loc":{"start":{"line":6,"column":13},"end":{"line":6,"column":47}},"type":"cond-expr","locations":[{"start":{"line":6,"column":37},"end":{"line":6,"column":40}},{"start":{"line":6,"column":43},"end":{"line":6,"column":47}}],"line":6}},"s":{"0":4,"1":4},"f":{},"b":{"0":[0,4]},"_coverageSchema":"43e27e138ebf9cfc5966b082cf9a028302ed4184","hash":"eba339806f8bb6452a1acc0cd1932d6ad28da06b"}
,"/Users/762883/Documents/Projects/Cognizant/react-base/src/base/shared/fileSystem.ts": {"path":"/Users/762883/Documents/Projects/Cognizant/react-base/src/base/shared/fileSystem.ts","statementMap":{"0":{"start":{"line":9,"column":2},"end":{"line":14,"column":3}},"1":{"start":{"line":10,"column":4},"end":{"line":10,"column":28}},"2":{"start":{"line":11,"column":4},"end":{"line":11,"column":16}},"3":{"start":{"line":13,"column":4},"end":{"line":13,"column":17}},"4":{"start":{"line":18,"column":2},"end":{"line":18,"column":30}},"5":{"start":{"line":22,"column":2},"end":{"line":22,"column":40}},"6":{"start":{"line":26,"column":2},"end":{"line":29,"column":17}},"7":{"start":{"line":33,"column":2},"end":{"line":38,"column":3}},"8":{"start":{"line":34,"column":4},"end":{"line":34,"column":44}},"9":{"start":{"line":35,"column":4},"end":{"line":35,"column":16}},"10":{"start":{"line":37,"column":4},"end":{"line":37,"column":23}}},"fnMap":{"0":{"name":"fileExists","decl":{"start":{"line":8,"column":9},"end":{"line":8,"column":19}},"loc":{"start":{"line":8,"column":47},"end":{"line":15,"column":1}},"line":8},"1":{"name":"readDir","decl":{"start":{"line":17,"column":9},"end":{"line":17,"column":16}},"loc":{"start":{"line":17,"column":66},"end":{"line":19,"column":1}},"line":17},"2":{"name":"readFile","decl":{"start":{"line":21,"column":9},"end":{"line":21,"column":17}},"loc":{"start":{"line":21,"column":67},"end":{"line":23,"column":1}},"line":21},"3":{"name":"readLines","decl":{"start":{"line":25,"column":9},"end":{"line":25,"column":18}},"loc":{"start":{"line":25,"column":61},"end":{"line":30,"column":1}},"line":25},"4":{"name":"writeFile","decl":{"start":{"line":32,"column":9},"end":{"line":32,"column":18}},"loc":{"start":{"line":32,"column":92},"end":{"line":39,"column":1}},"line":32}},"branchMap":{},"s":{"0":0,"1":0,"2":0,"3":0,"4":0,"5":0,"6":0,"7":0,"8":0,"9":0,"10":0},"f":{"0":0,"1":0,"2":0,"3":0,"4":0},"b":{},"hash":"2b0f6280233154431a78016687973965da7aa35c"}
,"/Users/762883/Documents/Projects/Cognizant/react-base/src/base/shared/http.ts": {"path":"/Users/762883/Documents/Projects/Cognizant/react-base/src/base/shared/http.ts","statementMap":{"0":{"start":{"line":3,"column":23},"end":{"line":8,"column":1}},"1":{"start":{"line":4,"column":19},"end":{"line":6,"column":4}},"2":{"start":{"line":7,"column":2},"end":{"line":7,"column":18}},"3":{"start":{"line":10,"column":20},"end":{"line":10,"column":36}}},"fnMap":{"0":{"name":"(anonymous_0)","decl":{"start":{"line":3,"column":23},"end":{"line":3,"column":24}},"loc":{"start":{"line":3,"column":44},"end":{"line":8,"column":1}},"line":3}},"branchMap":{},"s":{"0":4,"1":4,"2":4,"3":4},"f":{"0":4},"b":{},"_coverageSchema":"43e27e138ebf9cfc5966b082cf9a028302ed4184","hash":"df2ec450c78e1b86552bbf27a54796137c0198c6"}
,"/Users/762883/Documents/Projects/Cognizant/react-base/src/base/store/configureStore.ts": {"path":"/Users/762883/Documents/Projects/Cognizant/react-base/src/base/store/configureStore.ts","statementMap":{"0":{"start":{"line":10,"column":30},"end":{"line":30,"column":1}},"1":{"start":{"line":12,"column":2},"end":{"line":17,"column":3}},"2":{"start":{"line":13,"column":4},"end":{"line":13,"column":105}},"3":{"start":{"line":14,"column":4},"end":{"line":14,"column":49}},"4":{"start":{"line":16,"column":4},"end":{"line":16,"column":55}},"5":{"start":{"line":19,"column":16},"end":{"line":19,"column":66}},"6":{"start":{"line":21,"column":2},"end":{"line":27,"column":3}},"7":{"start":{"line":22,"column":4},"end":{"line":26,"column":7}},"8":{"start":{"line":24,"column":30},"end":{"line":24,"column":52}},"9":{"start":{"line":25,"column":6},"end":{"line":25,"column":44}},"10":{"start":{"line":29,"column":2},"end":{"line":29,"column":15}}},"fnMap":{"0":{"name":"(anonymous_0)","decl":{"start":{"line":10,"column":30},"end":{"line":10,"column":31}},"loc":{"start":{"line":10,"column":86},"end":{"line":30,"column":1}},"line":10},"1":{"name":"(anonymous_1)","decl":{"start":{"line":22,"column":37},"end":{"line":22,"column":38}},"loc":{"start":{"line":22,"column":43},"end":{"line":26,"column":5}},"line":22}},"branchMap":{"0":{"loc":{"start":{"line":12,"column":2},"end":{"line":17,"column":3}},"type":"if","locations":[{"start":{"line":12,"column":2},"end":{"line":17,"column":3}},{"start":{"line":12,"column":2},"end":{"line":17,"column":3}}],"line":12},"1":{"loc":{"start":{"line":21,"column":2},"end":{"line":27,"column":3}},"type":"if","locations":[{"start":{"line":21,"column":2},"end":{"line":27,"column":3}},{"start":{"line":21,"column":2},"end":{"line":27,"column":3}}],"line":21}},"s":{"0":0,"1":0,"2":0,"3":0,"4":0,"5":0,"6":0,"7":0,"8":0,"9":0,"10":0},"f":{"0":0,"1":0},"b":{"0":[0,0],"1":[0,0]},"hash":"13a5390f4804d9600a7b1c20f9f234a995f68cf0"}
,"/Users/762883/Documents/Projects/Cognizant/react-base/src/base/store/index.ts": {"path":"/Users/762883/Documents/Projects/Cognizant/react-base/src/base/store/index.ts","statementMap":{},"fnMap":{},"branchMap":{},"s":{},"f":{},"b":{},"hash":"7990bdc328a9f383c438239f307bfeec41c9ef43"}
,"/Users/762883/Documents/Projects/Cognizant/react-base/src/base/styles/media-queries.ts": {"path":"/Users/762883/Documents/Projects/Cognizant/react-base/src/base/styles/media-queries.ts","statementMap":{"0":{"start":{"line":1,"column":23},"end":{"line":1,"column":69}},"1":{"start":{"line":1,"column":42},"end":{"line":1,"column":69}},"2":{"start":{"line":2,"column":23},"end":{"line":2,"column":69}},"3":{"start":{"line":2,"column":42},"end":{"line":2,"column":69}},"4":{"start":{"line":4,"column":25},"end":{"line":4,"column":90}},"5":{"start":{"line":4,"column":44},"end":{"line":4,"column":90}},"6":{"start":{"line":5,"column":25},"end":{"line":5,"column":90}},"7":{"start":{"line":5,"column":44},"end":{"line":5,"column":90}},"8":{"start":{"line":7,"column":18},"end":{"line":7,"column":44}},"9":{"start":{"line":10,"column":22},"end":{"line":10,"column":43}},"10":{"start":{"line":11,"column":26},"end":{"line":11,"column":47}},"11":{"start":{"line":12,"column":24},"end":{"line":12,"column":45}},"12":{"start":{"line":13,"column":28},"end":{"line":13,"column":49}},"13":{"start":{"line":14,"column":25},"end":{"line":14,"column":46}},"14":{"start":{"line":15,"column":29},"end":{"line":15,"column":50}},"15":{"start":{"line":16,"column":26},"end":{"line":16,"column":47}},"16":{"start":{"line":17,"column":30},"end":{"line":17,"column":51}},"17":{"start":{"line":20,"column":22},"end":{"line":20,"column":43}},"18":{"start":{"line":21,"column":26},"end":{"line":21,"column":47}},"19":{"start":{"line":22,"column":24},"end":{"line":22,"column":45}},"20":{"start":{"line":23,"column":28},"end":{"line":23,"column":50}},"21":{"start":{"line":26,"column":23},"end":{"line":26,"column":45}},"22":{"start":{"line":27,"column":27},"end":{"line":27,"column":49}},"23":{"start":{"line":28,"column":25},"end":{"line":28,"column":47}},"24":{"start":{"line":29,"column":29},"end":{"line":29,"column":51}},"25":{"start":{"line":32,"column":26},"end":{"line":32,"column":48}},"26":{"start":{"line":35,"column":25},"end":{"line":35,"column":59}},"27":{"start":{"line":36,"column":35},"end":{"line":36,"column":106}},"28":{"start":{"line":37,"column":42},"end":{"line":39,"column":41}},"29":{"start":{"line":40,"column":32},"end":{"line":40,"column":95}},"30":{"start":{"line":41,"column":33},"end":{"line":41,"column":97}},"31":{"start":{"line":42,"column":39},"end":{"line":44,"column":41}},"32":{"start":{"line":46,"column":17},"end":{"line":46,"column":75}},"33":{"start":{"line":46,"column":36},"end":{"line":46,"column":75}}},"fnMap":{"0":{"name":"(anonymous_0)","decl":{"start":{"line":1,"column":23},"end":{"line":1,"column":24}},"loc":{"start":{"line":1,"column":42},"end":{"line":1,"column":69}},"line":1},"1":{"name":"(anonymous_1)","decl":{"start":{"line":2,"column":23},"end":{"line":2,"column":24}},"loc":{"start":{"line":2,"column":42},"end":{"line":2,"column":69}},"line":2},"2":{"name":"(anonymous_2)","decl":{"start":{"line":4,"column":25},"end":{"line":4,"column":26}},"loc":{"start":{"line":4,"column":44},"end":{"line":4,"column":90}},"line":4},"3":{"name":"(anonymous_3)","decl":{"start":{"line":5,"column":25},"end":{"line":5,"column":26}},"loc":{"start":{"line":5,"column":44},"end":{"line":5,"column":90}},"line":5},"4":{"name":"(anonymous_4)","decl":{"start":{"line":46,"column":17},"end":{"line":46,"column":18}},"loc":{"start":{"line":46,"column":36},"end":{"line":46,"column":75}},"line":46}},"branchMap":{},"s":{"0":1,"1":15,"2":1,"3":10,"4":1,"5":9,"6":1,"7":8,"8":1,"9":1,"10":1,"11":1,"12":1,"13":1,"14":1,"15":1,"16":1,"17":1,"18":1,"19":1,"20":1,"21":1,"22":1,"23":1,"24":1,"25":1,"26":1,"27":1,"28":1,"29":1,"30":1,"31":1,"32":1,"33":0},"f":{"0":15,"1":10,"2":9,"3":8,"4":0},"b":{},"_coverageSchema":"43e27e138ebf9cfc5966b082cf9a028302ed4184","hash":"b1119dfa84b40c5b9aff65b28414c1a17466c092"}
,"/Users/762883/Documents/Projects/Cognizant/react-base/src/base/styles/sizes.ts": {"path":"/Users/762883/Documents/Projects/Cognizant/react-base/src/base/styles/sizes.ts","statementMap":{"0":{"start":{"line":1,"column":26},"end":{"line":1,"column":29}},"1":{"start":{"line":3,"column":27},"end":{"line":3,"column":28}},"2":{"start":{"line":4,"column":34},"end":{"line":4,"column":35}}},"fnMap":{},"branchMap":{},"s":{"0":1,"1":1,"2":1},"f":{},"b":{},"_coverageSchema":"43e27e138ebf9cfc5966b082cf9a028302ed4184","hash":"73a542e1a5bd864bb61da94a9a67ae07b62cc50b"}
,"/Users/762883/Documents/Projects/Cognizant/react-base/src/base/styles/skin.ts": {"path":"/Users/762883/Documents/Projects/Cognizant/react-base/src/base/styles/skin.ts","statementMap":{"0":{"start":{"line":12,"column":23},"end":{"line":12,"column":29}},"1":{"start":{"line":13,"column":25},"end":{"line":13,"column":31}},"2":{"start":{"line":15,"column":34},"end":{"line":15,"column":41}},"3":{"start":{"line":16,"column":26},"end":{"line":16,"column":33}},"4":{"start":{"line":18,"column":33},"end":{"line":18,"column":40}},"5":{"start":{"line":19,"column":35},"end":{"line":19,"column":41}},"6":{"start":{"line":21,"column":34},"end":{"line":21,"column":40}},"7":{"start":{"line":22,"column":39},"end":{"line":22,"column":45}},"8":{"start":{"line":23,"column":27},"end":{"line":23,"column":33}},"9":{"start":{"line":25,"column":34},"end":{"line":25,"column":39}},"10":{"start":{"line":26,"column":27},"end":{"line":26,"column":37}},"11":{"start":{"line":28,"column":26},"end":{"line":28,"column":37}},"12":{"start":{"line":30,"column":26},"end":{"line":30,"column":32}}},"fnMap":{},"branchMap":{},"s":{"0":1,"1":1,"2":1,"3":1,"4":1,"5":1,"6":1,"7":1,"8":1,"9":1,"10":1,"11":1,"12":1},"f":{},"b":{},"_coverageSchema":"43e27e138ebf9cfc5966b082cf9a028302ed4184","hash":"ff727cac702e6287737987c40e54ad28726533d9"}
,"/Users/762883/Documents/Projects/Cognizant/react-base/src/base/styles/z-index.ts": {"path":"/Users/762883/Documents/Projects/Cognizant/react-base/src/base/styles/z-index.ts","statementMap":{"0":{"start":{"line":3,"column":24},"end":{"line":3,"column":95}},"1":{"start":{"line":5,"column":25},"end":{"line":5,"column":77}},"2":{"start":{"line":5,"column":43},"end":{"line":5,"column":77}},"3":{"start":{"line":5,"column":65},"end":{"line":5,"column":76}}},"fnMap":{"0":{"name":"(anonymous_0)","decl":{"start":{"line":5,"column":25},"end":{"line":5,"column":26}},"loc":{"start":{"line":5,"column":43},"end":{"line":5,"column":77}},"line":5},"1":{"name":"(anonymous_1)","decl":{"start":{"line":5,"column":60},"end":{"line":5,"column":61}},"loc":{"start":{"line":5,"column":65},"end":{"line":5,"column":76}},"line":5}},"branchMap":{},"s":{"0":1,"1":1,"2":1,"3":4},"f":{"0":1,"1":4},"b":{},"_coverageSchema":"43e27e138ebf9cfc5966b082cf9a028302ed4184","hash":"def68c3084ed38d6be0d433ae9e43ebbf6a0cadc"}
,"/Users/762883/Documents/Projects/Cognizant/react-base/src/base/styles/do-not-export/colors.ts": {"path":"/Users/762883/Documents/Projects/Cognizant/react-base/src/base/styles/do-not-export/colors.ts","statementMap":{"0":{"start":{"line":1,"column":23},"end":{"line":1,"column":32}},"1":{"start":{"line":2,"column":23},"end":{"line":2,"column":32}},"2":{"start":{"line":4,"column":22},"end":{"line":4,"column":31}},"3":{"start":{"line":5,"column":22},"end":{"line":5,"column":31}},"4":{"start":{"line":7,"column":26},"end":{"line":7,"column":35}},"5":{"start":{"line":9,"column":21},"end":{"line":9,"column":30}},"6":{"start":{"line":10,"column":21},"end":{"line":10,"column":30}},"7":{"start":{"line":12,"column":27},"end":{"line":12,"column":36}},"8":{"start":{"line":13,"column":22},"end":{"line":13,"column":31}},"9":{"start":{"line":15,"column":22},"end":{"line":15,"column":31}},"10":{"start":{"line":17,"column":22},"end":{"line":17,"column":31}},"11":{"start":{"line":18,"column":22},"end":{"line":18,"column":31}},"12":{"start":{"line":19,"column":22},"end":{"line":19,"column":31}},"13":{"start":{"line":21,"column":27},"end":{"line":21,"column":36}}},"fnMap":{},"branchMap":{},"s":{"0":1,"1":1,"2":1,"3":1,"4":1,"5":1,"6":1,"7":1,"8":1,"9":1,"10":1,"11":1,"12":1,"13":1},"f":{},"b":{},"_coverageSchema":"43e27e138ebf9cfc5966b082cf9a028302ed4184","hash":"46a952e3c6af4a1ffa85804a6fee8d781398214c"}
,"/Users/762883/Documents/Projects/Cognizant/react-base/src/base/types/index.ts": {"path":"/Users/762883/Documents/Projects/Cognizant/react-base/src/base/types/index.ts","statementMap":{},"fnMap":{},"branchMap":{},"s":{},"f":{},"b":{},"hash":"eeee291952126c0f1cf339606a33c1694163e508"}
,"/Users/762883/Documents/Projects/Cognizant/react-base/src/env/env.common.ts": {"path":"/Users/762883/Documents/Projects/Cognizant/react-base/src/env/env.common.ts","statementMap":{"0":{"start":{"line":1,"column":19},"end":{"line":5,"column":1}},"1":{"start":{"line":7,"column":19},"end":{"line":9,"column":1}}},"fnMap":{},"branchMap":{},"s":{"0":4,"1":4},"f":{},"b":{},"_coverageSchema":"43e27e138ebf9cfc5966b082cf9a028302ed4184","hash":"9350ef012137f0fd92710085a25d7f8d8faf6361"}
,"/Users/762883/Documents/Projects/Cognizant/react-base/src/env/env.development.ts": {"path":"/Users/762883/Documents/Projects/Cognizant/react-base/src/env/env.development.ts","statementMap":{"0":{"start":{"line":3,"column":38},"end":{"line":3,"column":41}},"1":{"start":{"line":5,"column":24},"end":{"line":5,"column":42}},"2":{"start":{"line":6,"column":26},"end":{"line":6,"column":59}},"3":{"start":{"line":7,"column":26},"end":{"line":7,"column":58}},"4":{"start":{"line":9,"column":23},"end":{"line":9,"column":44}}},"fnMap":{},"branchMap":{},"s":{"0":4,"1":4,"2":4,"3":4,"4":4},"f":{},"b":{},"_coverageSchema":"43e27e138ebf9cfc5966b082cf9a028302ed4184","hash":"6b15f6f2bfc37dac85294e72d1f583cace626e1b"}
,"/Users/762883/Documents/Projects/Cognizant/react-base/src/env/env.production.ts": {"path":"/Users/762883/Documents/Projects/Cognizant/react-base/src/env/env.production.ts","statementMap":{"0":{"start":{"line":1,"column":24},"end":{"line":1,"column":47}},"1":{"start":{"line":2,"column":23},"end":{"line":2,"column":42}}},"fnMap":{},"branchMap":{},"s":{"0":4,"1":4},"f":{},"b":{},"_coverageSchema":"43e27e138ebf9cfc5966b082cf9a028302ed4184","hash":"975e40e0e77e2e5ba6f3aed567003dbaef811b08"}
,"/Users/762883/Documents/Projects/Cognizant/react-base/src/env/env.ts": {"path":"/Users/762883/Documents/Projects/Cognizant/react-base/src/env/env.ts","statementMap":{"0":{"start":{"line":8,"column":18},"end":{"line":8,"column":76}},"1":{"start":{"line":8,"column":25},"end":{"line":8,"column":75}},"2":{"start":{"line":10,"column":19},"end":{"line":13,"column":1}}},"fnMap":{"0":{"name":"(anonymous_0)","decl":{"start":{"line":8,"column":18},"end":{"line":8,"column":19}},"loc":{"start":{"line":8,"column":25},"end":{"line":8,"column":75}},"line":8}},"branchMap":{"0":{"loc":{"start":{"line":8,"column":25},"end":{"line":8,"column":75}},"type":"cond-expr","locations":[{"start":{"line":8,"column":49},"end":{"line":8,"column":60}},{"start":{"line":8,"column":63},"end":{"line":8,"column":75}}],"line":8}},"s":{"0":4,"1":8,"2":4},"f":{"0":8},"b":{"0":[0,8]},"_coverageSchema":"43e27e138ebf9cfc5966b082cf9a028302ed4184","hash":"a35ce2f1e0465c71091537d8a494187573b68dc9"}
}
