TN:
SF:/Users/762883/Documents/Projects/Cognizant/react-base/src/app/main.tsx
FN:10,(anonymous_0)
FNF:1
FNH:0
FNDA:0,(anonymous_0)
DA:8,0
DA:10,0
DA:12,0
DA:17,0
LF:4
LH:0
BRF:0
BRH:0
end_of_record
TN:
SF:/Users/762883/Documents/Projects/Cognizant/react-base/src/app/components/Loading/index.tsx
FN:8,(anonymous_0)
FNF:1
FNH:1
FNDA:2,(anonymous_0)
DA:8,2
LF:1
LH:1
BRDA:8,0,0,1
BRF:1
BRH:1
end_of_record
TN:
SF:/Users/762883/Documents/Projects/Cognizant/react-base/src/app/components/Loading/styles/index.ts
FNF:0
FNH:0
DA:3,1
LF:1
LH:1
BRF:0
BRH:0
end_of_record
TN:
SF:/Users/762883/Documents/Projects/Cognizant/react-base/src/app/components/Portal/index.tsx
FN:9,(anonymous_0)
FN:13,(anonymous_1)
FN:18,(anonymous_2)
FNF:3
FNH:1
FNDA:2,(anonymous_0)
FNDA:0,(anonymous_1)
FNDA:0,(anonymous_2)
DA:9,1
DA:10,2
DA:11,2
DA:13,2
DA:14,0
DA:15,0
DA:18,0
DA:19,0
DA:23,2
DA:24,1
DA:27,1
LF:11
LH:7
BRDA:9,0,0,2
BRDA:14,1,0,0
BRDA:14,1,1,0
BRDA:23,2,0,1
BRDA:23,2,1,1
BRF:5
BRH:3
end_of_record
TN:
SF:/Users/762883/Documents/Projects/Cognizant/react-base/src/app/containers/App/index.tsx
FN:8,(anonymous_0)
FNF:1
FNH:0
FNDA:0,(anonymous_0)
DA:8,0
DA:9,0
LF:2
LH:0
BRF:0
BRH:0
end_of_record
TN:
SF:/Users/762883/Documents/Projects/Cognizant/react-base/src/app/containers/App/actionTypes/index.ts
FNF:0
FNH:0
LF:0
LH:0
BRF:0
BRH:0
end_of_record
TN:
SF:/Users/762883/Documents/Projects/Cognizant/react-base/src/app/containers/App/actions/index.ts
FN:3,(anonymous_0)
FNF:1
FNH:0
FNDA:0,(anonymous_0)
DA:3,0
LF:1
LH:0
BRF:0
BRH:0
end_of_record
TN:
SF:/Users/762883/Documents/Projects/Cognizant/react-base/src/app/containers/App/api/index.ts
FNF:0
FNH:0
LF:0
LH:0
BRF:0
BRH:0
end_of_record
TN:
SF:/Users/762883/Documents/Projects/Cognizant/react-base/src/app/containers/App/components/Header/index.tsx
FN:5,(anonymous_0)
FNF:1
FNH:1
FNDA:1,(anonymous_0)
DA:5,1
DA:6,1
LF:2
LH:2
BRF:0
BRH:0
end_of_record
TN:
SF:/Users/762883/Documents/Projects/Cognizant/react-base/src/app/containers/App/components/Header/styles/index.ts
FNF:0
FNH:0
DA:8,1
DA:9,1
DA:11,1
DA:21,1
DA:31,1
DA:33,1
DA:36,1
LF:7
LH:7
BRF:0
BRH:0
end_of_record
TN:
SF:/Users/762883/Documents/Projects/Cognizant/react-base/src/app/containers/App/components/Sidebar/index.tsx
FN:3,(anonymous_0)
FNF:1
FNH:1
FNDA:1,(anonymous_0)
DA:3,1
LF:1
LH:1
BRF:0
BRH:0
end_of_record
TN:
SF:/Users/762883/Documents/Projects/Cognizant/react-base/src/app/containers/App/models/index.ts
FNF:0
FNH:0
DA:5,3
LF:1
LH:1
BRF:0
BRH:0
end_of_record
TN:
SF:/Users/762883/Documents/Projects/Cognizant/react-base/src/app/containers/App/reducers/index.ts
FN:6,(anonymous_0)
FN:7,(anonymous_1)
FNF:2
FNH:2
FNDA:1,(anonymous_0)
FNDA:1,(anonymous_1)
DA:6,3
DA:7,1
DA:9,1
DA:10,1
DA:13,3
LF:5
LH:5
BRF:0
BRH:0
end_of_record
TN:
SF:/Users/762883/Documents/Projects/Cognizant/react-base/src/app/containers/App/selectors/index.ts
FN:3,(anonymous_0)
FNF:1
FNH:1
FNDA:1,(anonymous_0)
DA:3,1
LF:1
LH:1
BRF:0
BRH:0
end_of_record
TN:
SF:/Users/762883/Documents/Projects/Cognizant/react-base/src/app/containers/App/styles/index.ts
FNF:0
FNH:0
DA:8,0
DA:32,0
LF:2
LH:0
BRF:0
BRH:0
end_of_record
TN:
SF:/Users/762883/Documents/Projects/Cognizant/react-base/src/app/containers/Login/index.tsx
FN:9,(anonymous_0)
FNF:1
FNH:0
FNDA:0,(anonymous_0)
DA:9,0
DA:10,0
DA:12,0
DA:13,0
DA:15,0
LF:5
LH:0
BRDA:17,0,0,0
BRDA:17,0,1,0
BRF:2
BRH:0
end_of_record
TN:
SF:/Users/762883/Documents/Projects/Cognizant/react-base/src/app/containers/Login/actionTypes/index.ts
FNF:0
FNH:0
LF:0
LH:0
BRF:0
BRH:0
end_of_record
TN:
SF:/Users/762883/Documents/Projects/Cognizant/react-base/src/app/containers/Login/actions/index.ts
FN:4,(anonymous_0)
FN:9,(anonymous_1)
FNF:2
FNH:0
FNDA:0,(anonymous_0)
FNDA:0,(anonymous_1)
DA:4,0
DA:9,0
LF:2
LH:0
BRF:0
BRH:0
end_of_record
TN:
SF:/Users/762883/Documents/Projects/Cognizant/react-base/src/app/containers/Login/api/index.ts
FN:5,(anonymous_0)
FNF:1
FNH:0
FNDA:0,(anonymous_0)
DA:5,0
DA:6,0
DA:7,0
DA:8,0
DA:10,0
DA:11,0
LF:6
LH:0
BRF:0
BRH:0
end_of_record
TN:
SF:/Users/762883/Documents/Projects/Cognizant/react-base/src/app/containers/Login/hooks/index.ts
FNF:0
FNH:0
LF:0
LH:0
BRF:0
BRH:0
end_of_record
TN:
SF:/Users/762883/Documents/Projects/Cognizant/react-base/src/app/containers/Login/hooks/useLoginRequest.ts
FN:5,(anonymous_0)
FN:7,(anonymous_1)
FNF:2
FNH:0
FNDA:0,(anonymous_0)
FNDA:0,(anonymous_1)
DA:5,0
DA:6,0
DA:7,0
DA:8,0
LF:4
LH:0
BRF:0
BRH:0
end_of_record
TN:
SF:/Users/762883/Documents/Projects/Cognizant/react-base/src/app/containers/Login/models/index.ts
FN:9,(anonymous_0)
FNF:1
FNH:1
FNDA:2,(anonymous_0)
DA:3,4
DA:9,4
DA:10,2
DA:11,1
DA:13,1
DA:16,1
LF:6
LH:6
BRDA:10,0,0,1
BRDA:10,0,1,1
BRDA:10,1,0,2
BRDA:10,1,1,1
BRF:4
BRH:4
end_of_record
TN:
SF:/Users/762883/Documents/Projects/Cognizant/react-base/src/app/containers/Login/reducers/index.ts
FN:8,(anonymous_0)
FN:9,(anonymous_1)
FN:13,(anonymous_2)
FN:14,(anonymous_3)
FN:18,(anonymous_4)
FN:19,(anonymous_5)
FN:20,(anonymous_6)
FN:27,(anonymous_7)
FN:28,(anonymous_8)
FN:32,(anonymous_9)
FN:33,(anonymous_10)
FN:37,(anonymous_11)
FNF:12
FNH:12
FNDA:1,(anonymous_0)
FNDA:1,(anonymous_1)
FNDA:1,(anonymous_2)
FNDA:1,(anonymous_3)
FNDA:1,(anonymous_4)
FNDA:1,(anonymous_5)
FNDA:2,(anonymous_6)
FNDA:1,(anonymous_7)
FNDA:1,(anonymous_8)
FNDA:1,(anonymous_9)
FNDA:1,(anonymous_10)
FNDA:1,(anonymous_11)
DA:8,3
DA:9,1
DA:10,1
DA:13,3
DA:14,1
DA:15,1
DA:18,3
DA:19,1
DA:20,1
DA:22,2
DA:24,1
DA:27,3
DA:28,1
DA:29,1
DA:32,3
DA:33,1
DA:34,1
DA:37,3
DA:39,3
LF:19
LH:19
BRF:0
BRH:0
end_of_record
TN:
SF:/Users/762883/Documents/Projects/Cognizant/react-base/src/app/containers/Login/selectors/index.ts
FN:3,(anonymous_0)
FN:5,(anonymous_1)
FNF:2
FNH:2
FNDA:1,(anonymous_0)
FNDA:1,(anonymous_1)
DA:3,1
DA:5,1
LF:2
LH:2
BRF:0
BRH:0
end_of_record
TN:
SF:/Users/762883/Documents/Projects/Cognizant/react-base/src/app/containers/Login/styles/index.ts
FNF:0
FNH:0
DA:5,0
DA:13,0
LF:2
LH:0
BRF:0
BRH:0
end_of_record
TN:
SF:/Users/762883/Documents/Projects/Cognizant/react-base/src/app/containers/Login/types/index.ts
FNF:0
FNH:0
LF:0
LH:0
BRF:0
BRH:0
end_of_record
TN:
SF:/Users/762883/Documents/Projects/Cognizant/react-base/src/app/routes/index.tsx
FN:6,(anonymous_0)
FN:8,(anonymous_1)
FNF:2
FNH:0
FNDA:0,(anonymous_0)
FNDA:0,(anonymous_1)
DA:6,0
DA:8,0
DA:9,0
LF:3
LH:0
BRF:0
BRH:0
end_of_record
TN:
SF:/Users/762883/Documents/Projects/Cognizant/react-base/src/app/routes/routes.ts
FNF:0
FNH:0
DA:1,0
DA:2,0
DA:3,0
DA:4,0
DA:5,0
DA:6,0
DA:8,0
DA:9,0
DA:11,0
DA:12,0
LF:10
LH:0
BRF:0
BRH:0
end_of_record
TN:
SF:/Users/762883/Documents/Projects/Cognizant/react-base/src/app/types/index.ts
FNF:0
FNH:0
LF:0
LH:0
BRF:0
BRH:0
end_of_record
TN:
SF:/Users/762883/Documents/Projects/Cognizant/react-base/src/base/index.ts
FNF:0
FNH:0
LF:0
LH:0
BRF:0
BRH:0
end_of_record
TN:
SF:/Users/762883/Documents/Projects/Cognizant/react-base/src/base/conf/empty-module.ts
FNF:0
FNH:0
LF:0
LH:0
BRF:0
BRH:0
end_of_record
TN:
SF:/Users/762883/Documents/Projects/Cognizant/react-base/src/base/reducers/index.ts
FNF:0
FNH:0
DA:6,2
LF:1
LH:1
BRF:0
BRH:0
end_of_record
TN:
SF:/Users/762883/Documents/Projects/Cognizant/react-base/src/base/shared/createReducer.ts
FN:3,(anonymous_0)
FN:3,(anonymous_1)
FNF:2
FNH:2
FNDA:6,(anonymous_0)
FNDA:21,(anonymous_1)
DA:3,6
DA:7,21
DA:9,21
DA:10,14
DA:13,7
LF:5
LH:5
BRDA:4,0,0,14
BRDA:9,1,0,14
BRDA:9,1,1,7
BRF:3
BRH:3
end_of_record
TN:
SF:/Users/762883/Documents/Projects/Cognizant/react-base/src/base/shared/env.ts
FNF:0
FNH:0
DA:1,4
LF:1
LH:1
BRDA:1,0,0,4
BRDA:1,0,1,0
BRF:2
BRH:1
end_of_record
TN:
SF:/Users/762883/Documents/Projects/Cognizant/react-base/src/base/shared/envConf.ts
FNF:0
FNH:0
DA:6,4
DA:7,4
LF:2
LH:2
BRDA:6,0,0,0
BRDA:6,0,1,4
BRF:2
BRH:1
end_of_record
TN:
SF:/Users/762883/Documents/Projects/Cognizant/react-base/src/base/shared/fileSystem.ts
FN:8,fileExists
FN:17,readDir
FN:21,readFile
FN:25,readLines
FN:32,writeFile
FNF:5
FNH:0
FNDA:0,fileExists
FNDA:0,readDir
FNDA:0,readFile
FNDA:0,readLines
FNDA:0,writeFile
DA:9,0
DA:10,0
DA:11,0
DA:13,0
DA:18,0
DA:22,0
DA:26,0
DA:33,0
DA:34,0
DA:35,0
DA:37,0
LF:11
LH:0
BRF:0
BRH:0
end_of_record
TN:
SF:/Users/762883/Documents/Projects/Cognizant/react-base/src/base/shared/http.ts
FN:3,(anonymous_0)
FNF:1
FNH:1
FNDA:4,(anonymous_0)
DA:3,4
DA:4,4
DA:7,4
DA:10,4
LF:4
LH:4
BRF:0
BRH:0
end_of_record
TN:
SF:/Users/762883/Documents/Projects/Cognizant/react-base/src/base/store/configureStore.ts
FN:10,(anonymous_0)
FN:22,(anonymous_1)
FNF:2
FNH:0
FNDA:0,(anonymous_0)
FNDA:0,(anonymous_1)
DA:10,0
DA:12,0
DA:13,0
DA:14,0
DA:16,0
DA:19,0
DA:21,0
DA:22,0
DA:24,0
DA:25,0
DA:29,0
LF:11
LH:0
BRDA:12,0,0,0
BRDA:12,0,1,0
BRDA:21,1,0,0
BRDA:21,1,1,0
BRF:4
BRH:0
end_of_record
TN:
SF:/Users/762883/Documents/Projects/Cognizant/react-base/src/base/store/index.ts
FNF:0
FNH:0
LF:0
LH:0
BRF:0
BRH:0
end_of_record
TN:
SF:/Users/762883/Documents/Projects/Cognizant/react-base/src/base/styles/media-queries.ts
FN:1,(anonymous_0)
FN:2,(anonymous_1)
FN:4,(anonymous_2)
FN:5,(anonymous_3)
FN:46,(anonymous_4)
FNF:5
FNH:4
FNDA:15,(anonymous_0)
FNDA:10,(anonymous_1)
FNDA:9,(anonymous_2)
FNDA:8,(anonymous_3)
FNDA:0,(anonymous_4)
DA:1,15
DA:2,10
DA:4,9
DA:5,8
DA:7,1
DA:10,1
DA:11,1
DA:12,1
DA:13,1
DA:14,1
DA:15,1
DA:16,1
DA:17,1
DA:20,1
DA:21,1
DA:22,1
DA:23,1
DA:26,1
DA:27,1
DA:28,1
DA:29,1
DA:32,1
DA:35,1
DA:36,1
DA:37,1
DA:40,1
DA:41,1
DA:42,1
DA:46,1
LF:29
LH:29
BRF:0
BRH:0
end_of_record
TN:
SF:/Users/762883/Documents/Projects/Cognizant/react-base/src/base/styles/sizes.ts
FNF:0
FNH:0
DA:1,1
DA:3,1
DA:4,1
LF:3
LH:3
BRF:0
BRH:0
end_of_record
TN:
SF:/Users/762883/Documents/Projects/Cognizant/react-base/src/base/styles/skin.ts
FNF:0
FNH:0
DA:12,1
DA:13,1
DA:15,1
DA:16,1
DA:18,1
DA:19,1
DA:21,1
DA:22,1
DA:23,1
DA:25,1
DA:26,1
DA:28,1
DA:30,1
LF:13
LH:13
BRF:0
BRH:0
end_of_record
TN:
SF:/Users/762883/Documents/Projects/Cognizant/react-base/src/base/styles/z-index.ts
FN:5,(anonymous_0)
FN:5,(anonymous_1)
FNF:2
FNH:2
FNDA:1,(anonymous_0)
FNDA:4,(anonymous_1)
DA:3,1
DA:5,4
LF:2
LH:2
BRF:0
BRH:0
end_of_record
TN:
SF:/Users/762883/Documents/Projects/Cognizant/react-base/src/base/styles/do-not-export/colors.ts
FNF:0
FNH:0
DA:1,1
DA:2,1
DA:4,1
DA:5,1
DA:7,1
DA:9,1
DA:10,1
DA:12,1
DA:13,1
DA:15,1
DA:17,1
DA:18,1
DA:19,1
DA:21,1
LF:14
LH:14
BRF:0
BRH:0
end_of_record
TN:
SF:/Users/762883/Documents/Projects/Cognizant/react-base/src/base/types/index.ts
FNF:0
FNH:0
LF:0
LH:0
BRF:0
BRH:0
end_of_record
TN:
SF:/Users/762883/Documents/Projects/Cognizant/react-base/src/env/env.common.ts
FNF:0
FNH:0
DA:1,4
DA:7,4
LF:2
LH:2
BRF:0
BRH:0
end_of_record
TN:
SF:/Users/762883/Documents/Projects/Cognizant/react-base/src/env/env.development.ts
FNF:0
FNH:0
DA:3,4
DA:5,4
DA:6,4
DA:7,4
DA:9,4
LF:5
LH:5
BRF:0
BRH:0
end_of_record
TN:
SF:/Users/762883/Documents/Projects/Cognizant/react-base/src/env/env.production.ts
FNF:0
FNH:0
DA:1,4
DA:2,4
LF:2
LH:2
BRF:0
BRH:0
end_of_record
TN:
SF:/Users/762883/Documents/Projects/Cognizant/react-base/src/env/env.ts
FN:8,(anonymous_0)
FNF:1
FNH:1
FNDA:8,(anonymous_0)
DA:8,8
DA:10,4
LF:2
LH:2
BRDA:8,0,0,0
BRDA:8,0,1,8
BRF:2
BRH:1
end_of_record
